<?xml version="1.0" encoding="UTF-8"?>
<!-- Generated by org.testng.reporters.JUnitReportReporter -->
<testsuite hostname="DESKTOP-4DN72H1" failures="0" tests="3" name="Automation.SubmitOrderTest" time="70.672" errors="0" timestamp="2022-09-19T17:48:13 IST" skipped="0">
  <testcase classname="Automation.SubmitOrderTest" name="SubmitOrder" time="35.431"/>
  <system-out/>
  <testcase classname="Automation.SubmitOrderTest" name="SubmitOrder" time="29.951"/>
  <system-out/>
  <testcase classname="Automation.SubmitOrderTest" name="OrderHistory" time="5.290"/>
  <system-out/>
</testsuite> <!-- Automation.SubmitOrderTest -->
