<?xml version="1.0" encoding="UTF-8"?>
<!-- Generated by org.testng.reporters.JUnitReportReporter -->
<testsuite hostname="DESKTOP-4DN72H1" failures="0" tests="1" name="Automation.SubmitOrderTest" time="36.616" errors="0" timestamp="2022-09-13T16:16:25 IST" skipped="0">
  <testcase classname="Automation.SubmitOrderTest" name="SubmitOrder" time="36.616"/>
  <system-out/>
</testsuite> <!-- Automation.SubmitOrderTest -->
