<?xml version="1.0" encoding="UTF-8"?>
<!-- Generated by org.testng.reporters.JUnitReportReporter -->
<testsuite hostname="DESKTOP-4DN72H1" failures="0" tests="2" name="Automation.SubmitOrderTest" time="48.379" errors="0" timestamp="2022-09-15T17:14:28 IST" skipped="0">
  <testcase classname="Automation.SubmitOrderTest" name="SubmitOrder" time="32.053"/>
  <system-out/>
  <testcase classname="Automation.SubmitOrderTest" name="SubmitOrder" time="16.326"/>
  <system-out/>
</testsuite> <!-- Automation.SubmitOrderTest -->
