<?xml version="1.0" encoding="UTF-8"?>
<!-- Generated by org.testng.reporters.JUnitReportReporter -->
<testsuite hostname="DESKTOP-4DN72H1" failures="0" tests="1" name="Automation.ErrorValidationTest" time="7.117" errors="0" timestamp="2022-09-13T17:35:59 IST" skipped="0">
  <testcase classname="Automation.ErrorValidationTest" name="LogInErrorValidation" time="7.117"/>
  <system-out/>
</testsuite> <!-- Automation.ErrorValidationTest -->
