<?xml version="1.0" encoding="UTF-8"?>
<!-- Generated by org.testng.reporters.JUnitReportReporter -->
<testsuite hostname="DESKTOP-4DN72H1" failures="0" tests="3" name="Automation.SubmitOrderTest" time="44.568" errors="0" timestamp="2022-09-19T19:28:40 IST" skipped="0">
  <testcase classname="Automation.SubmitOrderTest" name="SubmitOrder" time="33.005"/>
  <system-out/>
  <testcase classname="Automation.SubmitOrderTest" name="SubmitOrder" time="7.663"/>
  <system-out/>
  <testcase classname="Automation.SubmitOrderTest" name="OrderHistory" time="3.900"/>
  <system-out/>
</testsuite> <!-- Automation.SubmitOrderTest -->
