<?xml version="1.0" encoding="UTF-8"?>
<!-- Generated by org.testng.reporters.JUnitReportReporter -->
<testsuite hostname="DESKTOP-4DN72H1" failures="0" tests="2" name="Automation.ErrorValidationTest" time="35.116" errors="0" timestamp="2022-09-19T19:28:40 IST" skipped="0">
  <testcase classname="Automation.ErrorValidationTest" name="LogInErrorValidation" time="6.301"/>
  <system-out/>
  <testcase classname="Automation.ErrorValidationTest" name="ProductErrorValidation" time="28.815"/>
  <system-out/>
</testsuite> <!-- Automation.ErrorValidationTest -->
