<?xml version="1.0" encoding="UTF-8"?>
<!-- Generated by org.testng.reporters.JUnitReportReporter -->
<testsuite hostname="DESKTOP-4DN72H1" failures="0" tests="2" name="Automation.SubmitOrderTest" time="20.358" errors="0" timestamp="2022-09-13T17:25:06 IST" skipped="0">
  <testcase classname="Automation.SubmitOrderTest" name="OrderHistory" time="5.788"/>
  <system-out/>
  <testcase classname="Automation.SubmitOrderTest" name="SubmitOrder" time="14.570"/>
  <system-out/>
</testsuite> <!-- Automation.SubmitOrderTest -->
